2025-04-26 10:31:00,077 - main - INFO - 程序启动。
2025-04-26 10:31:12,990 - main - INFO - 登录尝试第1次...
2025-04-26 10:32:35,055 - main - INFO - 程序启动。
2025-04-26 10:32:44,575 - main - INFO - 登录尝试第1次...
2025-04-26 10:32:45,024 - main - INFO - 登录成功
2025-04-26 11:20:07,746 - main - INFO - 程序启动。
2025-04-26 11:20:19,300 - main - INFO - 登录尝试第1次...
2025-04-26 11:20:19,701 - main - INFO - 登录成功
2025-04-26 11:20:59,147 - main - INFO - 程序启动。
2025-04-26 11:21:08,039 - main - INFO - 登录尝试第1次...
2025-04-26 11:21:08,460 - main - INFO - 登录成功
2025-04-26 11:21:10,581 - network_utils - INFO - 网络连接检查：连接正常。
2025-04-26 11:22:35,173 - network_utils - INFO - 尝试在浏览器中打开 URL: https://10.255.44.33/srun_portal_success?ac_id=8
2025-04-26 11:22:35,300 - network_utils - INFO - 成功调用 webbrowser.open()
2025-04-26 11:26:33,399 - main - INFO - 程序启动。
2025-04-26 11:26:41,979 - main - INFO - 登录尝试第1次...
2025-04-26 11:26:42,683 - main - INFO - 登录成功
2025-04-26 11:27:27,310 - main - INFO - 程序启动。
2025-04-26 11:27:35,216 - main - INFO - 登录尝试第1次...
2025-04-26 11:27:36,036 - main - WARNING - 登录失败: 三次尝试均失败
2025-04-26 11:27:37,037 - main - INFO - 登录尝试第2次...
2025-04-26 11:27:37,443 - main - INFO - 登录成功
2025-04-26 11:28:28,228 - network_utils - INFO - 网络连接检查：连接正常。
2025-04-26 11:29:00,848 - network_utils - INFO - 尝试在浏览器中打开 URL: https://10.255.44.33/srun_portal_success?ac_id=8
2025-04-26 11:29:00,985 - network_utils - INFO - 成功调用 webbrowser.open()
2025-04-26 11:29:45,135 - main - INFO - 刷新账户信息...
2025-04-26 11:30:13,776 - network_utils - INFO - 当前系统代理设置: Enabled=True, Server='127.0.0.1:7890', Override='localhost;127.*;10.*;172.16.*;172.17.*;172.18.*;172.19.*;172.20.*;172.21.*;172.22.*;172.23.*;172.24.*;172.25.*;172.26.*;172.27.*;172.28.*;172.29.*;172.30.*;172.31.*;192.168.*;<local>'
2025-04-26 11:30:28,682 - network_utils - INFO - 系统代理已禁用 (ProxyEnable=0)。
2025-04-26 11:30:28,775 - network_utils - WARNING - netsh winhttp reset proxy 执行失败，返回码 1。错误: 
2025-04-26 11:31:14,249 - main - INFO - 程序启动。
2025-04-26 11:31:23,260 - main - INFO - 登录尝试第1次...
2025-04-26 11:31:23,652 - main - INFO - 登录成功
2025-04-26 11:31:28,159 - network_utils - INFO - 当前系统代理设置: Enabled=False, Server='', Override='localhost;127.*;10.*;172.16.*;172.17.*;172.18.*;172.19.*;172.20.*;172.21.*;172.22.*;172.23.*;172.24.*;172.25.*;172.26.*;172.27.*;172.28.*;172.29.*;172.30.*;172.31.*;192.168.*;<local>'
2025-04-26 11:31:48,212 - network_utils - INFO - 当前系统代理设置: Enabled=True, Server='127.0.0.1:7890', Override='localhost;127.*;10.*;172.16.*;172.17.*;172.18.*;172.19.*;172.20.*;172.21.*;172.22.*;172.23.*;172.24.*;172.25.*;172.26.*;172.27.*;172.28.*;172.29.*;172.30.*;172.31.*;192.168.*;<local>'
2025-04-26 11:31:50,263 - network_utils - INFO - 系统代理已禁用 (ProxyEnable=0)。
2025-04-26 11:31:50,332 - network_utils - ERROR - 执行 netsh 命令时发生意外错误: 'NoneType' object has no attribute 'strip'
Traceback (most recent call last):
  File "D:\Projects\EsuTemp\xdu_network_resolver\network_utils.py", line 99, in reset_system_proxy
    logger.info(f"netsh winhttp reset proxy 执行成功: {result.stdout.strip()}")
                                                       ^^^^^^^^^^^^^^^^^^^
AttributeError: 'NoneType' object has no attribute 'strip'
2025-04-26 11:36:08,293 - main - INFO - 程序退出。
2025-04-26 11:36:10,991 - main - INFO - 程序启动。
2025-04-26 11:36:25,264 - main - INFO - 登录尝试第1次...
2025-04-26 11:36:25,716 - main - INFO - 登录成功
2025-04-26 11:36:32,851 - network_utils - INFO - 当前系统代理设置: Enabled=True, Server='127.0.0.1:7890', Override='localhost;127.*;10.*;172.16.*;172.17.*;172.18.*;172.19.*;172.20.*;172.21.*;172.22.*;172.23.*;172.24.*;172.25.*;172.26.*;172.27.*;172.28.*;172.29.*;172.30.*;172.31.*;192.168.*;<local>'
2025-04-26 11:36:34,327 - network_utils - INFO - netsh 命令输出: 当前的 WinHTTP 代理服务器设置:

    直接访问(没有代理服务器)。
2025-04-26 11:57:51,575 - main - INFO - 程序退出。
2025-04-26 11:57:58,321 - main - INFO - 程序启动。
2025-04-26 11:58:07,015 - main - INFO - 登录尝试第1次...
2025-04-26 11:58:08,228 - main - INFO - 登录成功
2025-04-26 11:58:13,922 - network_utils - INFO - 当前系统代理设置: Enabled=False, Server='', Override='localhost;127.*;10.*;172.16.*;172.17.*;172.18.*;172.19.*;172.20.*;172.21.*;172.22.*;172.23.*;172.24.*;172.25.*;172.26.*;172.27.*;172.28.*;172.29.*;172.30.*;172.31.*;192.168.*;<local>'
2025-04-26 11:58:27,106 - network_utils - INFO - 当前系统代理设置: Enabled=False, Server='', Override='localhost;127.*;10.*;172.16.*;172.17.*;172.18.*;172.19.*;172.20.*;172.21.*;172.22.*;172.23.*;172.24.*;172.25.*;172.26.*;172.27.*;172.28.*;172.29.*;172.30.*;172.31.*;192.168.*;<local>'
2025-04-26 11:58:47,148 - network_utils - INFO - 当前系统代理设置: Enabled=True, Server='127.0.0.1:7890', Override='localhost;127.*;10.*;172.16.*;172.17.*;172.18.*;172.19.*;172.20.*;172.21.*;172.22.*;172.23.*;172.24.*;172.25.*;172.26.*;172.27.*;172.28.*;172.29.*;172.30.*;172.31.*;192.168.*;<local>'
2025-04-26 11:58:58,434 - network_utils - INFO - 网络连接检查：连接正常。
2025-04-26 13:09:05,733 - main - INFO - 程序退出。
2025-04-26 13:09:07,544 - main - INFO - 程序启动。
2025-04-26 13:11:19,196 - main - INFO - 程序启动。
2025-04-26 13:13:09,834 - main - INFO - 程序启动。
2025-04-26 13:13:33,052 - main - INFO - 程序启动。
2025-04-26 13:15:35,695 - main - INFO - 程序启动。
2025-04-26 13:18:14,884 - main - INFO - 程序启动。
2025-04-26 13:19:05,153 - main - INFO - 程序启动。
2025-04-26 13:23:44,234 - main - INFO - 程序启动。
2025-04-26 13:26:37,689 - main - INFO - 程序启动。
2025-04-26 13:28:10,487 - main - INFO - 程序启动。
2025-04-26 13:28:44,000 - main - INFO - 程序启动。
2025-04-26 13:28:57,280 - main - INFO - 程序退出。
2025-04-26 13:29:00,286 - main - INFO - 程序启动。
2025-04-26 13:29:15,502 - main - INFO - 程序启动。
2025-04-26 15:26:10,429 - main - INFO - 程序启动。
2025-04-26 15:28:26,115 - main - INFO - 程序启动。
2025-04-26 15:39:12,923 - main - INFO - 程序启动。
2025-04-26 15:40:42,609 - main - INFO - 程序启动。
2025-04-26 15:47:01,970 - main - INFO - 程序启动。
2025-04-26 16:09:44,949 - main - INFO - 程序启动。
2025-04-26 16:10:36,973 - main - INFO - 程序启动。
2025-04-26 16:11:29,852 - network_utils - ERROR - DNS设置失败: None
2025-04-26 16:21:18,804 - network_utils - ERROR - 适配器操作失败: None
2025-04-26 16:21:59,962 - main - INFO - 程序启动。
2025-04-26 16:22:46,848 - network_utils - INFO - 当前系统代理设置: Enabled=True, Server='127.0.0.1:7890', Override='localhost;127.*;10.*;172.16.*;172.17.*;172.18.*;172.19.*;172.20.*;172.21.*;172.22.*;172.23.*;172.24.*;172.25.*;172.26.*;172.27.*;172.28.*;172.29.*;172.30.*;172.31.*;192.168.*;<local>'
